2019-04-26 18:17:02.015 INFO [restartedMain]com.ljc.xdvideo.XdvideoApplication.logStarting:50 -Starting XdvideoApplication on linjiachengdeMacBook-Pro.local with PID 4261 (/Users/linjiacheng2001/IdeaProjects/xdvideo/target/classes started by linjiacheng2001 in /Users/linjiacheng2001/IdeaProjects/xdvideo)
2019-04-26 18:17:02.018 INFO [restartedMain]com.ljc.xdvideo.XdvideoApplication.logStartupProfileInfo:675 -No active profile set, falling back to default profiles: default
2019-04-26 18:17:02.064 INFO [restartedMain]o.s.b.devtools.env.DevToolsPropertyDefaultsPostProcessor.logTo:227 -Devtools property defaults active! Set 'spring.devtools.add-properties' to 'false' to disable
2019-04-26 18:17:02.064 INFO [restartedMain]o.s.b.devtools.env.DevToolsPropertyDefaultsPostProcessor.logTo:227 -For additional web related logging consider setting the 'logging.level.web' property to 'DEBUG'
2019-04-26 18:17:02.719 INFO [restartedMain]o.s.d.repository.config.RepositoryConfigurationDelegate.multipleStoresDetected:244 -Multiple Spring Data modules found, entering strict repository configuration mode!
2019-04-26 18:17:02.721 INFO [restartedMain]o.s.d.repository.config.RepositoryConfigurationDelegate.registerRepositoriesIn:126 -Bootstrapping Spring Data repositories in DEFAULT mode.
2019-04-26 18:17:02.752 INFO [restartedMain]o.s.d.repository.config.RepositoryConfigurationDelegate.registerRepositoriesIn:182 -Finished Spring Data repository scanning in 17ms. Found 0 repository interfaces.
2019-04-26 18:17:03.035 INFO [restartedMain]o.s.c.s.PostProcessorRegistrationDelegate$BeanPostProcessorChecker.postProcessAfterInitialization:330 -Bean 'org.springframework.transaction.annotation.ProxyTransactionManagementConfiguration' of type [org.springframework.transaction.annotation.ProxyTransactionManagementConfiguration$$EnhancerBySpringCGLIB$$651cd6d7] is not eligible for getting processed by all BeanPostProcessors (for example: not eligible for auto-proxying)
2019-04-26 18:17:03.393 INFO [restartedMain]o.s.boot.web.embedded.tomcat.TomcatWebServer.initialize:90 -Tomcat initialized with port(s): 8081 (http)
2019-04-26 18:17:03.408 INFO [restartedMain]org.apache.coyote.http11.Http11NioProtocol.log:173 -Initializing ProtocolHandler ["http-nio-8081"]
2019-04-26 18:17:03.415 INFO [restartedMain]org.apache.catalina.core.StandardService.log:173 -Starting service [Tomcat]
2019-04-26 18:17:03.416 INFO [restartedMain]org.apache.catalina.core.StandardEngine.log:173 -Starting Servlet engine: [Apache Tomcat/9.0.16]
2019-04-26 18:17:03.423 INFO [restartedMain]org.apache.catalina.core.AprLifecycleListener.log:173 -The APR based Apache Tomcat Native library which allows optimal performance in production environments was not found on the java.library.path: [/Users/linjiacheng2001/Library/Java/Extensions:/Library/Java/Extensions:/Network/Library/Java/Extensions:/System/Library/Java/Extensions:/usr/lib/java:.]
2019-04-26 18:17:03.492 INFO [restartedMain]o.a.catalina.core.ContainerBase.[Tomcat].[localhost].[/].log:173 -Initializing Spring embedded WebApplicationContext
2019-04-26 18:17:03.493 INFO [restartedMain]org.springframework.web.context.ContextLoader.prepareWebApplicationContext:296 -Root WebApplicationContext: initialization completed in 1429 ms
2019-04-26 18:17:03.994 INFO [restartedMain]o.s.scheduling.concurrent.ThreadPoolTaskExecutor.initialize:171 -Initializing ExecutorService 'applicationTaskExecutor'
2019-04-26 18:17:04.499 INFO [restartedMain]o.s.boot.devtools.autoconfigure.OptionalLiveReloadServer.startServer:57 -LiveReload server is running on port 35729
2019-04-26 18:17:04.532 INFO [restartedMain]org.apache.coyote.http11.Http11NioProtocol.log:173 -Starting ProtocolHandler ["http-nio-8081"]
2019-04-26 18:17:04.568 INFO [restartedMain]o.s.boot.web.embedded.tomcat.TomcatWebServer.start:204 -Tomcat started on port(s): 8081 (http) with context path ''
2019-04-26 18:17:04.572 INFO [restartedMain]com.ljc.xdvideo.XdvideoApplication.logStarted:59 -Started XdvideoApplication in 2.987 seconds (JVM running for 3.732)
2019-04-26 19:38:41.007 INFO [Thread-15]o.s.scheduling.concurrent.ThreadPoolTaskExecutor.shutdown:208 -Shutting down ExecutorService 'applicationTaskExecutor'
2019-04-26 19:38:58.420 INFO [restartedMain]com.ljc.xdvideo.XdvideoApplication.logStarting:50 -Starting XdvideoApplication on linjiachengdeMacBook-Pro.local with PID 6931 (/Users/linjiacheng2001/IdeaProjects/xdvideo/target/classes started by linjiacheng2001 in /Users/linjiacheng2001/IdeaProjects/xdvideo)
2019-04-26 19:38:58.424 INFO [restartedMain]com.ljc.xdvideo.XdvideoApplication.logStartupProfileInfo:675 -No active profile set, falling back to default profiles: default
2019-04-26 19:38:58.473 INFO [restartedMain]o.s.b.devtools.env.DevToolsPropertyDefaultsPostProcessor.logTo:227 -Devtools property defaults active! Set 'spring.devtools.add-properties' to 'false' to disable
2019-04-26 19:38:58.473 INFO [restartedMain]o.s.b.devtools.env.DevToolsPropertyDefaultsPostProcessor.logTo:227 -For additional web related logging consider setting the 'logging.level.web' property to 'DEBUG'
2019-04-26 19:38:59.133 INFO [restartedMain]o.s.d.repository.config.RepositoryConfigurationDelegate.multipleStoresDetected:244 -Multiple Spring Data modules found, entering strict repository configuration mode!
2019-04-26 19:38:59.135 INFO [restartedMain]o.s.d.repository.config.RepositoryConfigurationDelegate.registerRepositoriesIn:126 -Bootstrapping Spring Data repositories in DEFAULT mode.
2019-04-26 19:38:59.168 INFO [restartedMain]o.s.d.repository.config.RepositoryConfigurationDelegate.registerRepositoriesIn:182 -Finished Spring Data repository scanning in 18ms. Found 0 repository interfaces.
2019-04-26 19:38:59.440 INFO [restartedMain]o.s.c.s.PostProcessorRegistrationDelegate$BeanPostProcessorChecker.postProcessAfterInitialization:330 -Bean 'org.springframework.transaction.annotation.ProxyTransactionManagementConfiguration' of type [org.springframework.transaction.annotation.ProxyTransactionManagementConfiguration$$EnhancerBySpringCGLIB$$7b9a9778] is not eligible for getting processed by all BeanPostProcessors (for example: not eligible for auto-proxying)
2019-04-26 19:38:59.863 INFO [restartedMain]o.s.boot.web.embedded.tomcat.TomcatWebServer.initialize:90 -Tomcat initialized with port(s): 8081 (http)
2019-04-26 19:38:59.877 INFO [restartedMain]org.apache.coyote.http11.Http11NioProtocol.log:173 -Initializing ProtocolHandler ["http-nio-8081"]
2019-04-26 19:38:59.886 INFO [restartedMain]org.apache.catalina.core.StandardService.log:173 -Starting service [Tomcat]
2019-04-26 19:38:59.886 INFO [restartedMain]org.apache.catalina.core.StandardEngine.log:173 -Starting Servlet engine: [Apache Tomcat/9.0.16]
2019-04-26 19:38:59.893 INFO [restartedMain]org.apache.catalina.core.AprLifecycleListener.log:173 -The APR based Apache Tomcat Native library which allows optimal performance in production environments was not found on the java.library.path: [/Users/linjiacheng2001/Library/Java/Extensions:/Library/Java/Extensions:/Network/Library/Java/Extensions:/System/Library/Java/Extensions:/usr/lib/java:.]
2019-04-26 19:38:59.961 INFO [restartedMain]o.a.catalina.core.ContainerBase.[Tomcat].[localhost].[/].log:173 -Initializing Spring embedded WebApplicationContext
2019-04-26 19:38:59.962 INFO [restartedMain]org.springframework.web.context.ContextLoader.prepareWebApplicationContext:296 -Root WebApplicationContext: initialization completed in 1489 ms
2019-04-26 19:39:00.486 INFO [restartedMain]o.s.scheduling.concurrent.ThreadPoolTaskExecutor.initialize:171 -Initializing ExecutorService 'applicationTaskExecutor'
2019-04-26 19:39:00.994 INFO [restartedMain]o.s.boot.devtools.autoconfigure.OptionalLiveReloadServer.startServer:57 -LiveReload server is running on port 35729
2019-04-26 19:39:01.030 INFO [restartedMain]org.apache.coyote.http11.Http11NioProtocol.log:173 -Starting ProtocolHandler ["http-nio-8081"]
2019-04-26 19:39:01.068 INFO [restartedMain]o.s.boot.web.embedded.tomcat.TomcatWebServer.start:204 -Tomcat started on port(s): 8081 (http) with context path ''
2019-04-26 19:39:01.071 INFO [restartedMain]com.ljc.xdvideo.XdvideoApplication.logStarted:59 -Started XdvideoApplication in 3.127 seconds (JVM running for 4.012)
2019-04-26 19:41:36.160 INFO [http-nio-8081-exec-2]o.a.catalina.core.ContainerBase.[Tomcat].[localhost].[/].log:173 -Initializing Spring DispatcherServlet 'dispatcherServlet'
2019-04-26 19:41:36.160 INFO [http-nio-8081-exec-2]org.springframework.web.servlet.DispatcherServlet.initServletBean:524 -Initializing Servlet 'dispatcherServlet'
2019-04-26 19:41:36.168 INFO [http-nio-8081-exec-2]org.springframework.web.servlet.DispatcherServlet.initServletBean:546 -Completed initialization in 7 ms
2019-04-26 19:41:36.266 INFO [http-nio-8081-exec-4]com.alibaba.druid.pool.DruidDataSource.init:922 -{dataSource-1} inited
2019-04-26 19:41:37.032 WARN [http-nio-8081-exec-4]o.s.w.s.m.m.annotation.ExceptionHandlerExceptionResolver.logException:197 -Resolved [org.springframework.jdbc.BadSqlGrammarException: 
### Error querying database.  Cause: java.sql.SQLSyntaxErrorException: Table 'xdclass.video' doesn't exist
### The error may exist in com/ljc/xdvideo/mapper/VideoMapper.java (best guess)
### The error may involve defaultParameterMap
### The error occurred while setting parameters
### SQL: SELECT count(*) FROM video
### Cause: java.sql.SQLSyntaxErrorException: Table 'xdclass.video' doesn't exist
; bad SQL grammar []; nested exception is java.sql.SQLSyntaxErrorException: Table 'xdclass.video' doesn't exist]
2019-04-26 19:41:37.060 WARN [http-nio-8081-exec-8]o.s.w.s.m.m.annotation.ExceptionHandlerExceptionResolver.logException:197 -Resolved [org.springframework.jdbc.BadSqlGrammarException: 
### Error querying database.  Cause: java.sql.SQLSyntaxErrorException: Table 'xdclass.video' doesn't exist
### The error may exist in com/ljc/xdvideo/mapper/VideoMapper.java (best guess)
### The error may involve defaultParameterMap
### The error occurred while setting parameters
### SQL: SELECT count(*) FROM video
### Cause: java.sql.SQLSyntaxErrorException: Table 'xdclass.video' doesn't exist
; bad SQL grammar []; nested exception is java.sql.SQLSyntaxErrorException: Table 'xdclass.video' doesn't exist]
2019-04-26 19:41:37.087 WARN [http-nio-8081-exec-9]o.s.w.s.m.m.annotation.ExceptionHandlerExceptionResolver.logException:197 -Resolved [org.springframework.jdbc.BadSqlGrammarException: 
### Error querying database.  Cause: java.sql.SQLSyntaxErrorException: Table 'xdclass.video' doesn't exist
### The error may exist in com/ljc/xdvideo/mapper/VideoMapper.java (best guess)
### The error may involve defaultParameterMap
### The error occurred while setting parameters
### SQL: SELECT count(*) FROM video
### Cause: java.sql.SQLSyntaxErrorException: Table 'xdclass.video' doesn't exist
; bad SQL grammar []; nested exception is java.sql.SQLSyntaxErrorException: Table 'xdclass.video' doesn't exist]
2019-04-26 19:41:48.673 WARN [http-nio-8081-exec-10]o.s.w.s.m.m.annotation.ExceptionHandlerExceptionResolver.logException:197 -Resolved [org.springframework.jdbc.BadSqlGrammarException: 
### Error querying database.  Cause: java.sql.SQLSyntaxErrorException: Table 'xdclass.video' doesn't exist
### The error may exist in com/ljc/xdvideo/mapper/VideoMapper.java (best guess)
### The error may involve defaultParameterMap
### The error occurred while setting parameters
### SQL: SELECT count(*) FROM video
### Cause: java.sql.SQLSyntaxErrorException: Table 'xdclass.video' doesn't exist
; bad SQL grammar []; nested exception is java.sql.SQLSyntaxErrorException: Table 'xdclass.video' doesn't exist]
2019-04-26 19:41:48.696 WARN [http-nio-8081-exec-6]o.s.w.s.m.m.annotation.ExceptionHandlerExceptionResolver.logException:197 -Resolved [org.springframework.jdbc.BadSqlGrammarException: 
### Error querying database.  Cause: java.sql.SQLSyntaxErrorException: Table 'xdclass.video' doesn't exist
### The error may exist in com/ljc/xdvideo/mapper/VideoMapper.java (best guess)
### The error may involve defaultParameterMap
### The error occurred while setting parameters
### SQL: SELECT count(*) FROM video
### Cause: java.sql.SQLSyntaxErrorException: Table 'xdclass.video' doesn't exist
; bad SQL grammar []; nested exception is java.sql.SQLSyntaxErrorException: Table 'xdclass.video' doesn't exist]
2019-04-26 19:41:48.722 WARN [http-nio-8081-exec-2]o.s.w.s.m.m.annotation.ExceptionHandlerExceptionResolver.logException:197 -Resolved [org.springframework.jdbc.BadSqlGrammarException: 
### Error querying database.  Cause: java.sql.SQLSyntaxErrorException: Table 'xdclass.video' doesn't exist
### The error may exist in com/ljc/xdvideo/mapper/VideoMapper.java (best guess)
### The error may involve defaultParameterMap
### The error occurred while setting parameters
### SQL: SELECT count(*) FROM video
### Cause: java.sql.SQLSyntaxErrorException: Table 'xdclass.video' doesn't exist
; bad SQL grammar []; nested exception is java.sql.SQLSyntaxErrorException: Table 'xdclass.video' doesn't exist]
2019-04-26 19:41:59.728 WARN [http-nio-8081-exec-7]o.s.w.s.m.m.annotation.ExceptionHandlerExceptionResolver.logException:197 -Resolved [org.springframework.jdbc.BadSqlGrammarException: 
### Error querying database.  Cause: java.sql.SQLSyntaxErrorException: Table 'xdclass.video' doesn't exist
### The error may exist in com/ljc/xdvideo/mapper/VideoMapper.java (best guess)
### The error may involve defaultParameterMap
### The error occurred while setting parameters
### SQL: SELECT count(*) FROM video
### Cause: java.sql.SQLSyntaxErrorException: Table 'xdclass.video' doesn't exist
; bad SQL grammar []; nested exception is java.sql.SQLSyntaxErrorException: Table 'xdclass.video' doesn't exist]
2019-04-26 19:42:04.671 WARN [http-nio-8081-exec-8]o.s.w.s.m.m.annotation.ExceptionHandlerExceptionResolver.logException:197 -Resolved [org.springframework.jdbc.BadSqlGrammarException: 
### Error querying database.  Cause: java.sql.SQLSyntaxErrorException: Table 'xdclass.video' doesn't exist
### The error may exist in com/ljc/xdvideo/mapper/VideoMapper.java (best guess)
### The error may involve defaultParameterMap
### The error occurred while setting parameters
### SQL: SELECT count(*) FROM video
### Cause: java.sql.SQLSyntaxErrorException: Table 'xdclass.video' doesn't exist
; bad SQL grammar []; nested exception is java.sql.SQLSyntaxErrorException: Table 'xdclass.video' doesn't exist]
2019-04-26 19:42:57.307 WARN [http-nio-8081-exec-5]o.s.w.s.m.m.annotation.ExceptionHandlerExceptionResolver.logException:197 -Resolved [org.springframework.jdbc.BadSqlGrammarException: 
### Error querying database.  Cause: java.sql.SQLSyntaxErrorException: Table 'xdclass.video' doesn't exist
### The error may exist in com/ljc/xdvideo/mapper/VideoMapper.java (best guess)
### The error may involve defaultParameterMap
### The error occurred while setting parameters
### SQL: SELECT count(*) FROM video
### Cause: java.sql.SQLSyntaxErrorException: Table 'xdclass.video' doesn't exist
; bad SQL grammar []; nested exception is java.sql.SQLSyntaxErrorException: Table 'xdclass.video' doesn't exist]
2019-04-26 19:43:20.763 WARN [http-nio-8081-exec-6]o.s.w.s.m.m.annotation.ExceptionHandlerExceptionResolver.logException:197 -Resolved [org.springframework.jdbc.BadSqlGrammarException: 
### Error querying database.  Cause: java.sql.SQLSyntaxErrorException: Table 'xdclass.video' doesn't exist
### The error may exist in com/ljc/xdvideo/mapper/VideoMapper.java (best guess)
### The error may involve defaultParameterMap
### The error occurred while setting parameters
### SQL: SELECT count(*) FROM video
### Cause: java.sql.SQLSyntaxErrorException: Table 'xdclass.video' doesn't exist
; bad SQL grammar []; nested exception is java.sql.SQLSyntaxErrorException: Table 'xdclass.video' doesn't exist]
2019-04-26 19:43:20.790 WARN [http-nio-8081-exec-9]o.s.w.s.m.m.annotation.ExceptionHandlerExceptionResolver.logException:197 -Resolved [org.springframework.jdbc.BadSqlGrammarException: 
### Error querying database.  Cause: java.sql.SQLSyntaxErrorException: Table 'xdclass.video' doesn't exist
### The error may exist in com/ljc/xdvideo/mapper/VideoMapper.java (best guess)
### The error may involve defaultParameterMap
### The error occurred while setting parameters
### SQL: SELECT count(*) FROM video
### Cause: java.sql.SQLSyntaxErrorException: Table 'xdclass.video' doesn't exist
; bad SQL grammar []; nested exception is java.sql.SQLSyntaxErrorException: Table 'xdclass.video' doesn't exist]
2019-04-26 19:43:20.815 WARN [http-nio-8081-exec-8]o.s.w.s.m.m.annotation.ExceptionHandlerExceptionResolver.logException:197 -Resolved [org.springframework.jdbc.BadSqlGrammarException: 
### Error querying database.  Cause: java.sql.SQLSyntaxErrorException: Table 'xdclass.video' doesn't exist
### The error may exist in com/ljc/xdvideo/mapper/VideoMapper.java (best guess)
### The error may involve defaultParameterMap
### The error occurred while setting parameters
### SQL: SELECT count(*) FROM video
### Cause: java.sql.SQLSyntaxErrorException: Table 'xdclass.video' doesn't exist
; bad SQL grammar []; nested exception is java.sql.SQLSyntaxErrorException: Table 'xdclass.video' doesn't exist]
2019-04-26 19:43:23.391 WARN [http-nio-8081-exec-3]o.s.w.s.m.m.annotation.ExceptionHandlerExceptionResolver.logException:197 -Resolved [org.springframework.jdbc.BadSqlGrammarException: 
### Error querying database.  Cause: java.sql.SQLSyntaxErrorException: Table 'xdclass.video' doesn't exist
### The error may exist in com/ljc/xdvideo/mapper/VideoMapper.java (best guess)
### The error may involve defaultParameterMap
### The error occurred while setting parameters
### SQL: SELECT count(*) FROM video
### Cause: java.sql.SQLSyntaxErrorException: Table 'xdclass.video' doesn't exist
; bad SQL grammar []; nested exception is java.sql.SQLSyntaxErrorException: Table 'xdclass.video' doesn't exist]
2019-04-26 19:44:35.773 WARN [http-nio-8081-exec-7]o.s.w.s.m.m.annotation.ExceptionHandlerExceptionResolver.logException:197 -Resolved [org.springframework.jdbc.BadSqlGrammarException: 
### Error querying database.  Cause: java.sql.SQLSyntaxErrorException: Table 'xdclass.video' doesn't exist
### The error may exist in com/ljc/xdvideo/mapper/VideoMapper.java (best guess)
### The error may involve defaultParameterMap
### The error occurred while setting parameters
### SQL: SELECT count(*) FROM video
### Cause: java.sql.SQLSyntaxErrorException: Table 'xdclass.video' doesn't exist
; bad SQL grammar []; nested exception is java.sql.SQLSyntaxErrorException: Table 'xdclass.video' doesn't exist]
2019-04-26 20:08:12.273 INFO [Thread-15]o.s.scheduling.concurrent.ThreadPoolTaskExecutor.shutdown:208 -Shutting down ExecutorService 'applicationTaskExecutor'
2019-04-26 20:08:12.277 INFO [Thread-15]com.alibaba.druid.pool.DruidDataSource.close:1817 -{dataSource-1} closed
