2019-04-20 20:19:02.239 INFO [restartedMain]com.ljc.xdvideo.XdvideoApplication.logStarting:50 -Starting XdvideoApplication on linjiachengdeMacBook-Pro.local with PID 744 (/Users/linjiacheng2001/IdeaProjects/xdvideo/target/classes started by linjiacheng2001 in /Users/linjiacheng2001/IdeaProjects/xdvideo)
2019-04-20 20:19:02.242 INFO [restartedMain]com.ljc.xdvideo.XdvideoApplication.logStartupProfileInfo:675 -No active profile set, falling back to default profiles: default
2019-04-20 20:19:02.290 INFO [restartedMain]o.s.b.devtools.env.DevToolsPropertyDefaultsPostProcessor.logTo:227 -Devtools property defaults active! Set 'spring.devtools.add-properties' to 'false' to disable
2019-04-20 20:19:02.291 INFO [restartedMain]o.s.b.devtools.env.DevToolsPropertyDefaultsPostProcessor.logTo:227 -For additional web related logging consider setting the 'logging.level.web' property to 'DEBUG'
2019-04-20 20:19:02.957 INFO [restartedMain]o.s.d.repository.config.RepositoryConfigurationDelegate.multipleStoresDetected:244 -Multiple Spring Data modules found, entering strict repository configuration mode!
2019-04-20 20:19:02.959 INFO [restartedMain]o.s.d.repository.config.RepositoryConfigurationDelegate.registerRepositoriesIn:126 -Bootstrapping Spring Data repositories in DEFAULT mode.
2019-04-20 20:19:02.990 INFO [restartedMain]o.s.d.repository.config.RepositoryConfigurationDelegate.registerRepositoriesIn:182 -Finished Spring Data repository scanning in 15ms. Found 0 repository interfaces.
2019-04-20 20:19:03.262 INFO [restartedMain]o.s.c.s.PostProcessorRegistrationDelegate$BeanPostProcessorChecker.postProcessAfterInitialization:330 -Bean 'org.springframework.transaction.annotation.ProxyTransactionManagementConfiguration' of type [org.springframework.transaction.annotation.ProxyTransactionManagementConfiguration$$EnhancerBySpringCGLIB$$71ca6c4d] is not eligible for getting processed by all BeanPostProcessors (for example: not eligible for auto-proxying)
2019-04-20 20:19:03.615 INFO [restartedMain]o.s.boot.web.embedded.tomcat.TomcatWebServer.initialize:90 -Tomcat initialized with port(s): 8081 (http)
2019-04-20 20:19:03.629 INFO [restartedMain]org.apache.coyote.http11.Http11NioProtocol.log:173 -Initializing ProtocolHandler ["http-nio-8081"]
2019-04-20 20:19:03.637 INFO [restartedMain]org.apache.catalina.core.StandardService.log:173 -Starting service [Tomcat]
2019-04-20 20:19:03.638 INFO [restartedMain]org.apache.catalina.core.StandardEngine.log:173 -Starting Servlet engine: [Apache Tomcat/9.0.16]
2019-04-20 20:19:03.645 INFO [restartedMain]org.apache.catalina.core.AprLifecycleListener.log:173 -The APR based Apache Tomcat Native library which allows optimal performance in production environments was not found on the java.library.path: [/Users/linjiacheng2001/Library/Java/Extensions:/Library/Java/Extensions:/Network/Library/Java/Extensions:/System/Library/Java/Extensions:/usr/lib/java:.]
2019-04-20 20:19:03.716 INFO [restartedMain]o.a.catalina.core.ContainerBase.[Tomcat].[localhost].[/].log:173 -Initializing Spring embedded WebApplicationContext
2019-04-20 20:19:03.716 INFO [restartedMain]org.springframework.web.context.ContextLoader.prepareWebApplicationContext:296 -Root WebApplicationContext: initialization completed in 1425 ms
2019-04-20 20:19:04.269 INFO [restartedMain]o.s.scheduling.concurrent.ThreadPoolTaskExecutor.initialize:171 -Initializing ExecutorService 'applicationTaskExecutor'
2019-04-20 20:19:04.785 INFO [restartedMain]o.s.boot.devtools.autoconfigure.OptionalLiveReloadServer.startServer:57 -LiveReload server is running on port 35729
2019-04-20 20:19:04.817 INFO [restartedMain]org.apache.coyote.http11.Http11NioProtocol.log:173 -Starting ProtocolHandler ["http-nio-8081"]
2019-04-20 20:19:04.856 INFO [restartedMain]o.s.boot.web.embedded.tomcat.TomcatWebServer.start:204 -Tomcat started on port(s): 8081 (http) with context path ''
2019-04-20 20:19:04.859 INFO [restartedMain]com.ljc.xdvideo.XdvideoApplication.logStarted:59 -Started XdvideoApplication in 3.086 seconds (JVM running for 3.794)
2019-04-20 20:19:52.191 INFO [http-nio-8081-exec-1]o.a.catalina.core.ContainerBase.[Tomcat].[localhost].[/].log:173 -Initializing Spring DispatcherServlet 'dispatcherServlet'
2019-04-20 20:19:52.191 INFO [http-nio-8081-exec-1]org.springframework.web.servlet.DispatcherServlet.initServletBean:524 -Initializing Servlet 'dispatcherServlet'
2019-04-20 20:19:52.197 INFO [http-nio-8081-exec-1]org.springframework.web.servlet.DispatcherServlet.initServletBean:546 -Completed initialization in 6 ms
2019-04-20 20:22:55.546 INFO [http-nio-8081-exec-5]com.alibaba.druid.pool.DruidDataSource.init:922 -{dataSource-1} inited
2019-04-20 22:43:00.095 INFO [Thread-15]o.s.scheduling.concurrent.ThreadPoolTaskExecutor.shutdown:208 -Shutting down ExecutorService 'applicationTaskExecutor'
2019-04-20 22:43:00.097 INFO [Thread-15]com.alibaba.druid.pool.DruidDataSource.close:1817 -{dataSource-1} closed
2019-04-20 22:43:00.104 WARN [http-nio-8081-exec-5]o.s.w.s.m.m.annotation.ExceptionHandlerExceptionResolver.logException:197 -Resolved [org.mybatis.spring.MyBatisSystemException: nested exception is org.apache.ibatis.exceptions.PersistenceException: 
### Error querying database.  Cause: java.lang.RuntimeException: com.alibaba.druid.pool.DataSourceDisableException
### Cause: java.lang.RuntimeException: com.alibaba.druid.pool.DataSourceDisableException]
