2019-04-22 21:00:50.874 INFO [restartedMain]com.ljc.xdvideo.XdvideoApplication.logStarting:50 -Starting XdvideoApplication on linjiachengdeMacBook-Pro.local with PID 1621 (/Users/linjiacheng2001/IdeaProjects/xdvideo/target/classes started by linjiacheng2001 in /Users/linjiacheng2001/IdeaProjects/xdvideo)
2019-04-22 21:00:50.880 INFO [restartedMain]com.ljc.xdvideo.XdvideoApplication.logStartupProfileInfo:675 -No active profile set, falling back to default profiles: default
2019-04-22 21:00:50.936 INFO [restartedMain]o.s.b.devtools.env.DevToolsPropertyDefaultsPostProcessor.logTo:227 -Devtools property defaults active! Set 'spring.devtools.add-properties' to 'false' to disable
2019-04-22 21:00:50.936 INFO [restartedMain]o.s.b.devtools.env.DevToolsPropertyDefaultsPostProcessor.logTo:227 -For additional web related logging consider setting the 'logging.level.web' property to 'DEBUG'
2019-04-22 21:00:51.664 INFO [restartedMain]o.s.d.repository.config.RepositoryConfigurationDelegate.multipleStoresDetected:244 -Multiple Spring Data modules found, entering strict repository configuration mode!
2019-04-22 21:00:51.666 INFO [restartedMain]o.s.d.repository.config.RepositoryConfigurationDelegate.registerRepositoriesIn:126 -Bootstrapping Spring Data repositories in DEFAULT mode.
2019-04-22 21:00:51.694 INFO [restartedMain]o.s.d.repository.config.RepositoryConfigurationDelegate.registerRepositoriesIn:182 -Finished Spring Data repository scanning in 16ms. Found 0 repository interfaces.
2019-04-22 21:00:52.008 INFO [restartedMain]o.s.c.s.PostProcessorRegistrationDelegate$BeanPostProcessorChecker.postProcessAfterInitialization:330 -Bean 'org.springframework.transaction.annotation.ProxyTransactionManagementConfiguration' of type [org.springframework.transaction.annotation.ProxyTransactionManagementConfiguration$$EnhancerBySpringCGLIB$$128599c3] is not eligible for getting processed by all BeanPostProcessors (for example: not eligible for auto-proxying)
2019-04-22 21:00:52.343 INFO [restartedMain]o.s.boot.web.embedded.tomcat.TomcatWebServer.initialize:90 -Tomcat initialized with port(s): 8081 (http)
2019-04-22 21:00:52.356 INFO [restartedMain]org.apache.coyote.http11.Http11NioProtocol.log:173 -Initializing ProtocolHandler ["http-nio-8081"]
2019-04-22 21:00:52.365 INFO [restartedMain]org.apache.catalina.core.StandardService.log:173 -Starting service [Tomcat]
2019-04-22 21:00:52.365 INFO [restartedMain]org.apache.catalina.core.StandardEngine.log:173 -Starting Servlet engine: [Apache Tomcat/9.0.16]
2019-04-22 21:00:52.371 INFO [restartedMain]org.apache.catalina.core.AprLifecycleListener.log:173 -The APR based Apache Tomcat Native library which allows optimal performance in production environments was not found on the java.library.path: [/Users/linjiacheng2001/Library/Java/Extensions:/Library/Java/Extensions:/Network/Library/Java/Extensions:/System/Library/Java/Extensions:/usr/lib/java:.]
2019-04-22 21:00:52.434 INFO [restartedMain]o.a.catalina.core.ContainerBase.[Tomcat].[localhost].[/].log:173 -Initializing Spring embedded WebApplicationContext
2019-04-22 21:00:52.434 INFO [restartedMain]org.springframework.web.context.ContextLoader.prepareWebApplicationContext:296 -Root WebApplicationContext: initialization completed in 1497 ms
2019-04-22 21:00:52.963 INFO [restartedMain]o.s.scheduling.concurrent.ThreadPoolTaskExecutor.initialize:171 -Initializing ExecutorService 'applicationTaskExecutor'
2019-04-22 21:00:53.451 INFO [restartedMain]o.s.boot.devtools.autoconfigure.OptionalLiveReloadServer.startServer:57 -LiveReload server is running on port 35729
2019-04-22 21:00:53.486 INFO [restartedMain]org.apache.coyote.http11.Http11NioProtocol.log:173 -Starting ProtocolHandler ["http-nio-8081"]
2019-04-22 21:00:53.521 INFO [restartedMain]o.s.boot.web.embedded.tomcat.TomcatWebServer.start:204 -Tomcat started on port(s): 8081 (http) with context path ''
2019-04-22 21:00:53.525 INFO [restartedMain]com.ljc.xdvideo.XdvideoApplication.logStarted:59 -Started XdvideoApplication in 3.149 seconds (JVM running for 3.814)
2019-04-22 21:01:52.365 INFO [http-nio-8081-exec-1]o.a.catalina.core.ContainerBase.[Tomcat].[localhost].[/].log:173 -Initializing Spring DispatcherServlet 'dispatcherServlet'
2019-04-22 21:01:52.365 INFO [http-nio-8081-exec-1]org.springframework.web.servlet.DispatcherServlet.initServletBean:524 -Initializing Servlet 'dispatcherServlet'
2019-04-22 21:01:52.372 INFO [http-nio-8081-exec-1]org.springframework.web.servlet.DispatcherServlet.initServletBean:546 -Completed initialization in 6 ms
2019-04-22 21:02:23.655 INFO [http-nio-8081-exec-3]com.alibaba.druid.pool.DruidDataSource.init:922 -{dataSource-1} inited
2019-04-22 21:02:30.542 INFO [Thread-14]o.s.scheduling.concurrent.ThreadPoolTaskExecutor.shutdown:208 -Shutting down ExecutorService 'applicationTaskExecutor'
2019-04-22 21:02:30.544 INFO [Thread-14]com.alibaba.druid.pool.DruidDataSource.close:1817 -{dataSource-1} closed
2019-04-22 21:02:30.550 WARN [http-nio-8081-exec-3]o.s.w.s.m.m.annotation.ExceptionHandlerExceptionResolver.logException:197 -Resolved [org.mybatis.spring.MyBatisSystemException: nested exception is org.apache.ibatis.exceptions.PersistenceException: 
### Error querying database.  Cause: java.lang.RuntimeException: com.alibaba.druid.pool.DataSourceDisableException
### Cause: java.lang.RuntimeException: com.alibaba.druid.pool.DataSourceDisableException]
2019-04-22 21:03:55.599 INFO [restartedMain]com.ljc.xdvideo.XdvideoApplication.logStarting:50 -Starting XdvideoApplication on linjiachengdeMacBook-Pro.local with PID 1634 (/Users/linjiacheng2001/IdeaProjects/xdvideo/target/classes started by linjiacheng2001 in /Users/linjiacheng2001/IdeaProjects/xdvideo)
2019-04-22 21:03:55.606 INFO [restartedMain]com.ljc.xdvideo.XdvideoApplication.logStartupProfileInfo:675 -No active profile set, falling back to default profiles: default
2019-04-22 21:03:55.663 INFO [restartedMain]o.s.b.devtools.env.DevToolsPropertyDefaultsPostProcessor.logTo:227 -Devtools property defaults active! Set 'spring.devtools.add-properties' to 'false' to disable
2019-04-22 21:03:55.664 INFO [restartedMain]o.s.b.devtools.env.DevToolsPropertyDefaultsPostProcessor.logTo:227 -For additional web related logging consider setting the 'logging.level.web' property to 'DEBUG'
2019-04-22 21:03:56.356 INFO [restartedMain]o.s.d.repository.config.RepositoryConfigurationDelegate.multipleStoresDetected:244 -Multiple Spring Data modules found, entering strict repository configuration mode!
2019-04-22 21:03:56.358 INFO [restartedMain]o.s.d.repository.config.RepositoryConfigurationDelegate.registerRepositoriesIn:126 -Bootstrapping Spring Data repositories in DEFAULT mode.
2019-04-22 21:03:56.386 INFO [restartedMain]o.s.d.repository.config.RepositoryConfigurationDelegate.registerRepositoriesIn:182 -Finished Spring Data repository scanning in 16ms. Found 0 repository interfaces.
2019-04-22 21:03:56.695 INFO [restartedMain]o.s.c.s.PostProcessorRegistrationDelegate$BeanPostProcessorChecker.postProcessAfterInitialization:330 -Bean 'org.springframework.transaction.annotation.ProxyTransactionManagementConfiguration' of type [org.springframework.transaction.annotation.ProxyTransactionManagementConfiguration$$EnhancerBySpringCGLIB$$68b0865b] is not eligible for getting processed by all BeanPostProcessors (for example: not eligible for auto-proxying)
2019-04-22 21:03:57.023 INFO [restartedMain]o.s.boot.web.embedded.tomcat.TomcatWebServer.initialize:90 -Tomcat initialized with port(s): 8081 (http)
2019-04-22 21:03:57.036 INFO [restartedMain]org.apache.coyote.http11.Http11NioProtocol.log:173 -Initializing ProtocolHandler ["http-nio-8081"]
2019-04-22 21:03:57.044 INFO [restartedMain]org.apache.catalina.core.StandardService.log:173 -Starting service [Tomcat]
2019-04-22 21:03:57.045 INFO [restartedMain]org.apache.catalina.core.StandardEngine.log:173 -Starting Servlet engine: [Apache Tomcat/9.0.16]
2019-04-22 21:03:57.051 INFO [restartedMain]org.apache.catalina.core.AprLifecycleListener.log:173 -The APR based Apache Tomcat Native library which allows optimal performance in production environments was not found on the java.library.path: [/Users/linjiacheng2001/Library/Java/Extensions:/Library/Java/Extensions:/Network/Library/Java/Extensions:/System/Library/Java/Extensions:/usr/lib/java:.]
2019-04-22 21:03:57.112 INFO [restartedMain]o.a.catalina.core.ContainerBase.[Tomcat].[localhost].[/].log:173 -Initializing Spring embedded WebApplicationContext
2019-04-22 21:03:57.113 INFO [restartedMain]org.springframework.web.context.ContextLoader.prepareWebApplicationContext:296 -Root WebApplicationContext: initialization completed in 1449 ms
2019-04-22 21:03:57.648 INFO [restartedMain]o.s.scheduling.concurrent.ThreadPoolTaskExecutor.initialize:171 -Initializing ExecutorService 'applicationTaskExecutor'
2019-04-22 21:03:58.124 INFO [restartedMain]o.s.boot.devtools.autoconfigure.OptionalLiveReloadServer.startServer:57 -LiveReload server is running on port 35729
2019-04-22 21:03:58.160 INFO [restartedMain]org.apache.coyote.http11.Http11NioProtocol.log:173 -Starting ProtocolHandler ["http-nio-8081"]
2019-04-22 21:03:58.208 INFO [restartedMain]o.s.boot.web.embedded.tomcat.TomcatWebServer.start:204 -Tomcat started on port(s): 8081 (http) with context path ''
2019-04-22 21:03:58.212 INFO [restartedMain]com.ljc.xdvideo.XdvideoApplication.logStarted:59 -Started XdvideoApplication in 3.073 seconds (JVM running for 3.711)
2019-04-22 21:04:07.599 INFO [http-nio-8081-exec-1]o.a.catalina.core.ContainerBase.[Tomcat].[localhost].[/].log:173 -Initializing Spring DispatcherServlet 'dispatcherServlet'
2019-04-22 21:04:07.599 INFO [http-nio-8081-exec-1]org.springframework.web.servlet.DispatcherServlet.initServletBean:524 -Initializing Servlet 'dispatcherServlet'
2019-04-22 21:04:07.605 INFO [http-nio-8081-exec-1]org.springframework.web.servlet.DispatcherServlet.initServletBean:546 -Completed initialization in 6 ms
2019-04-22 21:04:22.318 INFO [http-nio-8081-exec-2]com.alibaba.druid.pool.DruidDataSource.init:922 -{dataSource-1} inited
2019-04-22 21:04:58.488 WARN [http-nio-8081-exec-2]o.s.w.s.m.m.annotation.ExceptionHandlerExceptionResolver.logException:197 -Resolved [org.springframework.jdbc.BadSqlGrammarException: 
### Error querying database.  Cause: java.sql.SQLSyntaxErrorException: Table 'xdclass.user' doesn't exist
### The error may exist in com/ljc/xdvideo/mapper/UserMapper.java (best guess)
### The error may involve com.ljc.xdvideo.mapper.UserMapper.findByOpenId-Inline
### The error occurred while setting parameters
### SQL: select * from user where openid = ?
### Cause: java.sql.SQLSyntaxErrorException: Table 'xdclass.user' doesn't exist
; bad SQL grammar []; nested exception is java.sql.SQLSyntaxErrorException: Table 'xdclass.user' doesn't exist]
2019-04-22 21:05:43.758 INFO [Thread-14]o.s.scheduling.concurrent.ThreadPoolTaskExecutor.shutdown:208 -Shutting down ExecutorService 'applicationTaskExecutor'
2019-04-22 21:05:43.762 INFO [Thread-14]com.alibaba.druid.pool.DruidDataSource.close:1817 -{dataSource-1} closed
2019-04-22 21:05:51.928 INFO [restartedMain]com.ljc.xdvideo.XdvideoApplication.logStarting:50 -Starting XdvideoApplication on linjiachengdeMacBook-Pro.local with PID 1639 (/Users/linjiacheng2001/IdeaProjects/xdvideo/target/classes started by linjiacheng2001 in /Users/linjiacheng2001/IdeaProjects/xdvideo)
2019-04-22 21:05:51.932 INFO [restartedMain]com.ljc.xdvideo.XdvideoApplication.logStartupProfileInfo:675 -No active profile set, falling back to default profiles: default
2019-04-22 21:05:51.985 INFO [restartedMain]o.s.b.devtools.env.DevToolsPropertyDefaultsPostProcessor.logTo:227 -Devtools property defaults active! Set 'spring.devtools.add-properties' to 'false' to disable
2019-04-22 21:05:51.986 INFO [restartedMain]o.s.b.devtools.env.DevToolsPropertyDefaultsPostProcessor.logTo:227 -For additional web related logging consider setting the 'logging.level.web' property to 'DEBUG'
2019-04-22 21:05:52.739 INFO [restartedMain]o.s.d.repository.config.RepositoryConfigurationDelegate.multipleStoresDetected:244 -Multiple Spring Data modules found, entering strict repository configuration mode!
2019-04-22 21:05:52.741 INFO [restartedMain]o.s.d.repository.config.RepositoryConfigurationDelegate.registerRepositoriesIn:126 -Bootstrapping Spring Data repositories in DEFAULT mode.
2019-04-22 21:05:52.771 INFO [restartedMain]o.s.d.repository.config.RepositoryConfigurationDelegate.registerRepositoriesIn:182 -Finished Spring Data repository scanning in 18ms. Found 0 repository interfaces.
2019-04-22 21:05:53.067 INFO [restartedMain]o.s.c.s.PostProcessorRegistrationDelegate$BeanPostProcessorChecker.postProcessAfterInitialization:330 -Bean 'org.springframework.transaction.annotation.ProxyTransactionManagementConfiguration' of type [org.springframework.transaction.annotation.ProxyTransactionManagementConfiguration$$EnhancerBySpringCGLIB$$49d45e9c] is not eligible for getting processed by all BeanPostProcessors (for example: not eligible for auto-proxying)
2019-04-22 21:05:53.394 INFO [restartedMain]o.s.boot.web.embedded.tomcat.TomcatWebServer.initialize:90 -Tomcat initialized with port(s): 8081 (http)
2019-04-22 21:05:53.406 INFO [restartedMain]org.apache.coyote.http11.Http11NioProtocol.log:173 -Initializing ProtocolHandler ["http-nio-8081"]
2019-04-22 21:05:53.414 INFO [restartedMain]org.apache.catalina.core.StandardService.log:173 -Starting service [Tomcat]
2019-04-22 21:05:53.415 INFO [restartedMain]org.apache.catalina.core.StandardEngine.log:173 -Starting Servlet engine: [Apache Tomcat/9.0.16]
2019-04-22 21:05:53.420 INFO [restartedMain]org.apache.catalina.core.AprLifecycleListener.log:173 -The APR based Apache Tomcat Native library which allows optimal performance in production environments was not found on the java.library.path: [/Users/linjiacheng2001/Library/Java/Extensions:/Library/Java/Extensions:/Network/Library/Java/Extensions:/System/Library/Java/Extensions:/usr/lib/java:.]
2019-04-22 21:05:53.485 INFO [restartedMain]o.a.catalina.core.ContainerBase.[Tomcat].[localhost].[/].log:173 -Initializing Spring embedded WebApplicationContext
2019-04-22 21:05:53.486 INFO [restartedMain]org.springframework.web.context.ContextLoader.prepareWebApplicationContext:296 -Root WebApplicationContext: initialization completed in 1500 ms
2019-04-22 21:05:54.000 INFO [restartedMain]o.s.scheduling.concurrent.ThreadPoolTaskExecutor.initialize:171 -Initializing ExecutorService 'applicationTaskExecutor'
2019-04-22 21:05:54.441 INFO [restartedMain]o.s.boot.devtools.autoconfigure.OptionalLiveReloadServer.startServer:57 -LiveReload server is running on port 35729
2019-04-22 21:05:54.474 INFO [restartedMain]org.apache.coyote.http11.Http11NioProtocol.log:173 -Starting ProtocolHandler ["http-nio-8081"]
2019-04-22 21:05:54.509 INFO [restartedMain]o.s.boot.web.embedded.tomcat.TomcatWebServer.start:204 -Tomcat started on port(s): 8081 (http) with context path ''
2019-04-22 21:05:54.513 INFO [restartedMain]com.ljc.xdvideo.XdvideoApplication.logStarted:59 -Started XdvideoApplication in 3.117 seconds (JVM running for 3.736)
2019-04-22 21:06:03.697 INFO [http-nio-8081-exec-1]o.a.catalina.core.ContainerBase.[Tomcat].[localhost].[/].log:173 -Initializing Spring DispatcherServlet 'dispatcherServlet'
2019-04-22 21:06:03.698 INFO [http-nio-8081-exec-1]org.springframework.web.servlet.DispatcherServlet.initServletBean:524 -Initializing Servlet 'dispatcherServlet'
2019-04-22 21:06:03.704 INFO [http-nio-8081-exec-1]org.springframework.web.servlet.DispatcherServlet.initServletBean:546 -Completed initialization in 6 ms
2019-04-22 21:06:11.425 INFO [http-nio-8081-exec-2]com.alibaba.druid.pool.DruidDataSource.init:922 -{dataSource-1} inited
2019-04-22 21:12:32.842 INFO [Thread-14]o.s.scheduling.concurrent.ThreadPoolTaskExecutor.shutdown:208 -Shutting down ExecutorService 'applicationTaskExecutor'
2019-04-22 21:12:32.849 INFO [Thread-14]com.alibaba.druid.pool.DruidDataSource.close:1817 -{dataSource-1} closed
