2019-04-03 22:13:26.608 INFO [restartedMain]com.ljc.xdvideo.XdvideoApplication.logStarting:50 -Starting XdvideoApplication on linjiachengdeMacBook-Pro.local with PID 688 (/Users/linjiacheng2001/IdeaProjects/xdvideo/target/classes started by linjiacheng2001 in /Users/linjiacheng2001/IdeaProjects/xdvideo)
2019-04-03 22:13:26.611 INFO [restartedMain]com.ljc.xdvideo.XdvideoApplication.logStartupProfileInfo:675 -No active profile set, falling back to default profiles: default
2019-04-03 22:13:26.665 INFO [restartedMain]o.s.b.devtools.env.DevToolsPropertyDefaultsPostProcessor.logTo:227 -Devtools property defaults active! Set 'spring.devtools.add-properties' to 'false' to disable
2019-04-03 22:13:26.665 INFO [restartedMain]o.s.b.devtools.env.DevToolsPropertyDefaultsPostProcessor.logTo:227 -For additional web related logging consider setting the 'logging.level.web' property to 'DEBUG'
2019-04-03 22:13:27.376 INFO [restartedMain]o.s.d.repository.config.RepositoryConfigurationDelegate.multipleStoresDetected:244 -Multiple Spring Data modules found, entering strict repository configuration mode!
2019-04-03 22:13:27.378 INFO [restartedMain]o.s.d.repository.config.RepositoryConfigurationDelegate.registerRepositoriesIn:126 -Bootstrapping Spring Data repositories in DEFAULT mode.
2019-04-03 22:13:27.409 INFO [restartedMain]o.s.d.repository.config.RepositoryConfigurationDelegate.registerRepositoriesIn:182 -Finished Spring Data repository scanning in 17ms. Found 0 repository interfaces.
2019-04-03 22:13:27.694 INFO [restartedMain]o.s.c.s.PostProcessorRegistrationDelegate$BeanPostProcessorChecker.postProcessAfterInitialization:330 -Bean 'org.springframework.transaction.annotation.ProxyTransactionManagementConfiguration' of type [org.springframework.transaction.annotation.ProxyTransactionManagementConfiguration$$EnhancerBySpringCGLIB$$15dc601f] is not eligible for getting processed by all BeanPostProcessors (for example: not eligible for auto-proxying)
2019-04-03 22:13:28.095 INFO [restartedMain]o.s.boot.web.embedded.tomcat.TomcatWebServer.initialize:90 -Tomcat initialized with port(s): 8082 (http)
2019-04-03 22:13:28.109 INFO [restartedMain]org.apache.coyote.http11.Http11NioProtocol.log:173 -Initializing ProtocolHandler ["http-nio-8082"]
2019-04-03 22:13:28.118 INFO [restartedMain]org.apache.catalina.core.StandardService.log:173 -Starting service [Tomcat]
2019-04-03 22:13:28.119 INFO [restartedMain]org.apache.catalina.core.StandardEngine.log:173 -Starting Servlet engine: [Apache Tomcat/9.0.16]
2019-04-03 22:13:28.125 INFO [restartedMain]org.apache.catalina.core.AprLifecycleListener.log:173 -The APR based Apache Tomcat Native library which allows optimal performance in production environments was not found on the java.library.path: [/Users/linjiacheng2001/Library/Java/Extensions:/Library/Java/Extensions:/Network/Library/Java/Extensions:/System/Library/Java/Extensions:/usr/lib/java:.]
2019-04-03 22:13:28.194 INFO [restartedMain]o.a.catalina.core.ContainerBase.[Tomcat].[localhost].[/].log:173 -Initializing Spring embedded WebApplicationContext
2019-04-03 22:13:28.195 INFO [restartedMain]org.springframework.web.context.ContextLoader.prepareWebApplicationContext:296 -Root WebApplicationContext: initialization completed in 1530 ms
2019-04-03 22:13:28.711 INFO [restartedMain]o.s.scheduling.concurrent.ThreadPoolTaskExecutor.initialize:171 -Initializing ExecutorService 'applicationTaskExecutor'
2019-04-03 22:13:29.205 INFO [restartedMain]o.s.boot.devtools.autoconfigure.OptionalLiveReloadServer.startServer:57 -LiveReload server is running on port 35729
2019-04-03 22:13:29.242 INFO [restartedMain]org.apache.coyote.http11.Http11NioProtocol.log:173 -Starting ProtocolHandler ["http-nio-8082"]
2019-04-03 22:13:29.276 INFO [restartedMain]o.s.boot.web.embedded.tomcat.TomcatWebServer.start:204 -Tomcat started on port(s): 8082 (http) with context path ''
2019-04-03 22:13:29.279 INFO [restartedMain]com.ljc.xdvideo.XdvideoApplication.logStarted:59 -Started XdvideoApplication in 3.127 seconds (JVM running for 3.936)
2019-04-03 22:19:54.648 INFO [http-nio-8082-exec-1]o.a.catalina.core.ContainerBase.[Tomcat].[localhost].[/].log:173 -Initializing Spring DispatcherServlet 'dispatcherServlet'
2019-04-03 22:19:54.649 INFO [http-nio-8082-exec-1]org.springframework.web.servlet.DispatcherServlet.initServletBean:524 -Initializing Servlet 'dispatcherServlet'
2019-04-03 22:19:54.656 INFO [http-nio-8082-exec-1]org.springframework.web.servlet.DispatcherServlet.initServletBean:546 -Completed initialization in 7 ms
2019-04-03 22:19:54.750 INFO [http-nio-8082-exec-1]com.alibaba.druid.pool.DruidDataSource.init:922 -{dataSource-1} inited
2019-04-03 22:29:50.479 WARN [http-nio-8082-exec-6]o.s.w.s.m.m.annotation.ExceptionHandlerExceptionResolver.logException:197 -Resolved [org.springframework.web.bind.MissingServletRequestParameterException: Required String parameter 'access_page' is not present]
2019-04-03 22:29:51.424 WARN [http-nio-8082-exec-8]o.s.w.s.m.m.annotation.ExceptionHandlerExceptionResolver.logException:197 -Resolved [org.springframework.web.bind.MissingServletRequestParameterException: Required String parameter 'access_page' is not present]
2019-04-03 22:29:54.521 WARN [http-nio-8082-exec-10]o.s.w.s.m.m.annotation.ExceptionHandlerExceptionResolver.logException:197 -Resolved [org.springframework.web.bind.MissingServletRequestParameterException: Required String parameter 'access_page' is not present]
2019-04-03 22:29:54.938 WARN [http-nio-8082-exec-3]o.s.w.s.m.m.annotation.ExceptionHandlerExceptionResolver.logException:197 -Resolved [org.springframework.web.bind.MissingServletRequestParameterException: Required String parameter 'access_page' is not present]
2019-04-03 22:31:02.811 WARN [http-nio-8082-exec-7]o.s.w.s.m.m.annotation.ExceptionHandlerExceptionResolver.logException:197 -Resolved [org.springframework.web.bind.MissingServletRequestParameterException: Required String parameter 'access_page' is not present]
2019-04-03 22:31:10.879 WARN [http-nio-8082-exec-9]o.s.w.s.m.m.annotation.ExceptionHandlerExceptionResolver.logException:197 -Resolved [org.springframework.web.bind.MissingServletRequestParameterException: Required String parameter 'access_page' is not present]
2019-04-03 22:31:11.511 WARN [http-nio-8082-exec-1]o.s.w.s.m.m.annotation.ExceptionHandlerExceptionResolver.logException:197 -Resolved [org.springframework.web.bind.MissingServletRequestParameterException: Required String parameter 'access_page' is not present]
2019-04-03 22:41:47.979 WARN [http-nio-8082-exec-8]o.s.w.s.m.m.annotation.ExceptionHandlerExceptionResolver.logException:197 -Resolved [org.springframework.web.bind.MissingServletRequestParameterException: Required String parameter 'access_page' is not present]
2019-04-03 22:42:25.273 WARN [http-nio-8082-exec-10]o.s.w.s.m.m.annotation.ExceptionHandlerExceptionResolver.logException:197 -Resolved [org.springframework.web.bind.MissingServletRequestParameterException: Required String parameter 'access_page' is not present]
2019-04-03 22:42:25.831 WARN [http-nio-8082-exec-2]o.s.w.s.m.m.annotation.ExceptionHandlerExceptionResolver.logException:197 -Resolved [org.springframework.web.bind.MissingServletRequestParameterException: Required String parameter 'access_page' is not present]
2019-04-03 22:42:26.390 WARN [http-nio-8082-exec-5]o.s.w.s.m.m.annotation.ExceptionHandlerExceptionResolver.logException:197 -Resolved [org.springframework.web.bind.MissingServletRequestParameterException: Required String parameter 'access_page' is not present]
2019-04-03 22:42:27.139 WARN [http-nio-8082-exec-6]o.s.w.s.m.m.annotation.ExceptionHandlerExceptionResolver.logException:197 -Resolved [org.springframework.web.bind.MissingServletRequestParameterException: Required String parameter 'access_page' is not present]
2019-04-03 22:42:27.498 WARN [http-nio-8082-exec-9]o.s.w.s.m.m.annotation.ExceptionHandlerExceptionResolver.logException:197 -Resolved [org.springframework.web.bind.MissingServletRequestParameterException: Required String parameter 'access_page' is not present]
2019-04-03 22:42:27.673 WARN [http-nio-8082-exec-1]o.s.w.s.m.m.annotation.ExceptionHandlerExceptionResolver.logException:197 -Resolved [org.springframework.web.bind.MissingServletRequestParameterException: Required String parameter 'access_page' is not present]
2019-04-03 22:42:49.005 WARN [http-nio-8082-exec-3]o.s.w.s.m.m.annotation.ExceptionHandlerExceptionResolver.logException:197 -Resolved [org.springframework.web.bind.MissingServletRequestParameterException: Required String parameter 'access_page' is not present]
2019-04-03 22:42:57.637 WARN [http-nio-8082-exec-4]o.s.w.s.m.m.annotation.ExceptionHandlerExceptionResolver.logException:197 -Resolved [org.springframework.web.bind.MissingServletRequestParameterException: Required String parameter 'access_page' is not present]
2019-04-03 22:42:58.132 WARN [http-nio-8082-exec-7]o.s.w.s.m.m.annotation.ExceptionHandlerExceptionResolver.logException:197 -Resolved [org.springframework.web.bind.MissingServletRequestParameterException: Required String parameter 'access_page' is not present]
2019-04-03 22:43:27.619 WARN [http-nio-8082-exec-8]o.s.w.s.m.m.annotation.ExceptionHandlerExceptionResolver.logException:197 -Resolved [org.springframework.web.bind.MissingServletRequestParameterException: Required String parameter 'access_page' is not present]
2019-04-03 22:43:35.391 WARN [http-nio-8082-exec-10]o.s.w.s.m.m.annotation.ExceptionHandlerExceptionResolver.logException:197 -Resolved [org.springframework.web.bind.MissingServletRequestParameterException: Required String parameter 'access_page' is not present]
2019-04-03 22:43:35.566 WARN [http-nio-8082-exec-2]o.s.w.s.m.m.annotation.ExceptionHandlerExceptionResolver.logException:197 -Resolved [org.springframework.web.bind.MissingServletRequestParameterException: Required String parameter 'access_page' is not present]
2019-04-03 22:43:36.019 WARN [http-nio-8082-exec-5]o.s.w.s.m.m.annotation.ExceptionHandlerExceptionResolver.logException:197 -Resolved [org.springframework.web.bind.MissingServletRequestParameterException: Required String parameter 'access_page' is not present]
2019-04-03 22:44:36.183 WARN [http-nio-8082-exec-6]o.s.w.s.m.m.annotation.ExceptionHandlerExceptionResolver.logException:197 -Resolved [org.springframework.web.bind.MissingServletRequestParameterException: Required String parameter 'access_page' is not present]
2019-04-03 22:44:41.702 WARN [http-nio-8082-exec-9]o.s.w.s.m.m.annotation.ExceptionHandlerExceptionResolver.logException:197 -Resolved [org.springframework.web.bind.MissingServletRequestParameterException: Required String parameter 'access_page' is not present]
2019-04-03 22:44:42.219 WARN [http-nio-8082-exec-1]o.s.w.s.m.m.annotation.ExceptionHandlerExceptionResolver.logException:197 -Resolved [org.springframework.web.bind.MissingServletRequestParameterException: Required String parameter 'access_page' is not present]
2019-04-03 22:45:41.058 WARN [http-nio-8082-exec-3]o.s.w.s.m.m.annotation.ExceptionHandlerExceptionResolver.logException:197 -Resolved [org.springframework.web.bind.MissingServletRequestParameterException: Required String parameter 'access_page' is not present]
2019-04-03 22:46:59.967 WARN [http-nio-8082-exec-10]o.s.w.s.m.m.annotation.ExceptionHandlerExceptionResolver.logException:197 -Resolved [org.springframework.web.bind.MissingServletRequestParameterException: Required String parameter 'access_page' is not present]
2019-04-03 22:47:26.456 WARN [http-nio-8082-exec-2]o.s.w.s.m.m.annotation.ExceptionHandlerExceptionResolver.logException:197 -Resolved [org.springframework.web.bind.MissingServletRequestParameterException: Required String parameter 'access_page' is not present]
2019-04-03 22:47:28.400 WARN [http-nio-8082-exec-6]o.s.w.s.m.m.annotation.ExceptionHandlerExceptionResolver.logException:197 -Resolved [org.springframework.web.bind.MissingServletRequestParameterException: Required String parameter 'access_page' is not present]
2019-04-03 22:47:43.573 WARN [http-nio-8082-exec-9]o.s.w.s.m.m.annotation.ExceptionHandlerExceptionResolver.logException:197 -Resolved [org.springframework.web.bind.MissingServletRequestParameterException: Required String parameter 'access_page' is not present]
2019-04-03 22:48:00.948 WARN [http-nio-8082-exec-6]o.s.w.s.m.m.annotation.ExceptionHandlerExceptionResolver.logException:197 -Resolved [org.springframework.web.bind.MissingServletRequestParameterException: Required String parameter 'access_page' is not present]
2019-04-03 22:48:07.703 WARN [http-nio-8082-exec-4]o.s.w.s.m.m.annotation.ExceptionHandlerExceptionResolver.logException:197 -Resolved [org.springframework.web.bind.MissingServletRequestParameterException: Required String parameter 'access_page' is not present]
2019-04-03 23:53:43.703 INFO [Thread-14]o.s.scheduling.concurrent.ThreadPoolTaskExecutor.shutdown:208 -Shutting down ExecutorService 'applicationTaskExecutor'
2019-04-03 23:53:43.706 INFO [Thread-14]com.alibaba.druid.pool.DruidDataSource.close:1817 -{dataSource-1} closed
